[2023-01-31T13:52:21.623] [DEBUG] cheese - login => username:zs,password:123456
[2023-01-31T13:52:21.633] [DEBUG] cheese - zs
[2023-01-31T13:52:21.713] [DEBUG] cheese - null
[2023-01-31T13:52:21.713] [DEBUG] cheese - null
[2023-01-31T13:53:58.508] [DEBUG] cheese - login => username:admin,password:123456
[2023-01-31T13:53:58.512] [DEBUG] cheese - admin
[2023-01-31T13:53:58.588] [DEBUG] cheese - null
[2023-01-31T13:53:58.588] [DEBUG] cheese - null
[2023-02-01T10:51:05.473] [DEBUG] cheese - login => username:zs3,password:1234333
[2023-02-01T10:51:05.474] [DEBUG] cheese - zs3
[2023-02-01T10:51:05.550] [DEBUG] cheese - null
[2023-02-01T10:51:05.551] [DEBUG] cheese - null
[2023-02-01T10:52:35.270] [DEBUG] cheese - login => username:admin,password:123456
[2023-02-01T10:52:35.270] [DEBUG] cheese - admin
[2023-02-01T10:52:35.293] [DEBUG] cheese - null
[2023-02-01T10:52:35.293] [DEBUG] cheese - null
[2023-02-01T10:55:31.121] [DEBUG] cheese - login => username:zsd,password:1234dd
[2023-02-01T10:55:31.122] [DEBUG] cheese - zsd
[2023-02-01T10:55:31.127] [DEBUG] cheese - null
[2023-02-01T10:55:31.127] [DEBUG] cheese - null
[2023-02-01T10:55:38.509] [DEBUG] cheese - login => username:admin,password:123456
[2023-02-01T10:55:38.509] [DEBUG] cheese - admin
[2023-02-01T10:55:38.513] [DEBUG] cheese - null
[2023-02-01T10:55:38.514] [DEBUG] cheese - null
[2023-02-01T11:01:00.400] [DEBUG] cheese - login => username:zsd,password:1234dd
[2023-02-01T11:01:00.401] [DEBUG] cheese - zsd
[2023-02-01T11:01:00.428] [DEBUG] cheese - null
[2023-02-01T11:01:00.428] [DEBUG] cheese - null
[2023-02-01T11:03:15.625] [DEBUG] cheese - login => username:admin,password:123456
[2023-02-01T11:03:15.626] [DEBUG] cheese - admin
[2023-02-01T11:03:15.675] [DEBUG] cheese - null
[2023-02-01T11:03:15.676] [DEBUG] cheese - null
[2023-02-01T11:13:07.904] [DEBUG] cheese - login => username:admin,password:123456
[2023-02-01T11:13:07.905] [DEBUG] cheese - admin
[2023-02-01T11:13:07.960] [DEBUG] cheese - null
[2023-02-01T11:13:07.960] [DEBUG] cheese - null
[2023-02-01T11:13:14.967] [DEBUG] cheese - login => username:admin,password:123456
[2023-02-01T11:13:14.967] [DEBUG] cheese - admin
[2023-02-01T11:13:14.973] [DEBUG] cheese - null
[2023-02-01T11:13:14.974] [DEBUG] cheese - null
[2023-02-01T11:15:59.024] [DEBUG] cheese - login => username:admin,password:123456
[2023-02-01T11:15:59.025] [DEBUG] cheese - admin
[2023-02-01T11:15:59.036] [DEBUG] cheese - null
[2023-02-01T11:15:59.037] [DEBUG] cheese - null
[2023-02-01T11:30:32.845] [DEBUG] cheese - login => username:admin,password:123456
[2023-02-01T11:30:32.848] [DEBUG] cheese - admin
[2023-02-01T11:30:32.901] [DEBUG] cheese - null
[2023-02-01T11:30:32.901] [DEBUG] cheese - null
[2023-02-01T13:59:45.086] [DEBUG] cheese - login => username:admin,password:123456
[2023-02-01T13:59:45.091] [DEBUG] cheese - admin
[2023-02-01T13:59:45.155] [DEBUG] cheese - null
[2023-02-01T13:59:45.155] [DEBUG] cheese - null
[2023-02-01T14:04:44.663] [DEBUG] cheese - login => username:admin,password:123456
[2023-02-01T14:04:44.666] [DEBUG] cheese - admin
[2023-02-01T14:04:44.741] [DEBUG] cheese - null
[2023-02-01T14:04:44.741] [DEBUG] cheese - null
[2023-02-01T15:10:53.865] [DEBUG] cheese - login => username:admin,password:123456
[2023-02-01T15:10:53.869] [DEBUG] cheese - admin
[2023-02-01T15:10:53.936] [DEBUG] cheese - null
[2023-02-01T15:10:53.936] [DEBUG] cheese - null
[2023-02-01T15:14:56.724] [DEBUG] cheese - login => username:admin,password:123456
[2023-02-01T15:14:56.727] [DEBUG] cheese - admin
[2023-02-01T15:14:56.743] [DEBUG] cheese - null
[2023-02-01T15:14:56.743] [DEBUG] cheese - null
[2023-02-02T15:18:14.159] [DEBUG] cheese - login => username:admin,password:123456
[2023-02-02T15:18:14.175] [DEBUG] cheese - admin
[2023-02-02T15:18:14.234] [DEBUG] cheese - null
[2023-02-02T15:18:14.236] [DEBUG] cheese - null
[2023-02-02T15:49:12.877] [DEBUG] cheese - null
[2023-02-02T15:53:10.256] [DEBUG] cheese - null
[2023-02-02T15:53:16.637] [DEBUG] cheese - null
[2023-02-02T15:54:05.847] [DEBUG] cheese - null
[2023-02-02T15:54:58.330] [DEBUG] cheese - null
[2023-02-02T15:55:03.568] [DEBUG] cheese - null
[2023-02-02T15:55:07.702] [DEBUG] cheese - null
[2023-02-02T15:56:27.397] [DEBUG] cheese - null
[2023-02-03T15:37:38.933] [DEBUG] cheese - login => username:admin,password:123456
[2023-02-03T15:37:38.940] [DEBUG] cheese - admin
[2023-02-03T15:37:39.009] [DEBUG] cheese - null
[2023-02-03T15:37:39.011] [DEBUG] cheese - null
[2023-02-06T10:09:30.709] [DEBUG] cheese - login => username:admin,password:123456
[2023-02-06T10:09:30.713] [DEBUG] cheese - admin
[2023-02-06T10:09:30.797] [DEBUG] cheese - null
[2023-02-06T10:09:30.798] [DEBUG] cheese - null
[2023-02-07T10:22:26.735] [DEBUG] cheese - login => username:admin,password:123456
[2023-02-07T10:22:26.744] [DEBUG] cheese - admin
[2023-02-07T10:22:26.820] [DEBUG] cheese - null
[2023-02-07T10:22:26.821] [DEBUG] cheese - null
[2023-02-08T10:23:06.638] [DEBUG] cheese - login => username:admin,password:123456
[2023-02-08T10:23:06.661] [DEBUG] cheese - admin
[2023-02-08T10:23:06.789] [DEBUG] cheese - null
[2023-02-08T10:23:06.794] [DEBUG] cheese - null
[2023-02-08T17:10:00.035] [DEBUG] cheese - null
